#
# A fatal error has been detected by the Java Runtime Environment:
#
#  EXCEPTION_ACCESS_VIOLATION (0xc0000005) at pc=0x000000005b586d40, pid=7464, tid=0x00000000000017cc
#
# JRE version: Java(TM) SE Runtime Environment (8.0_101-b13) (build 1.8.0_101-b13)
# Java VM: Java HotSpot(TM) 64-Bit Server VM (25.101-b13 mixed mode windows-amd64 compressed oops)
# Problematic frame:
# V  [jvm.dll+0x236d40]
#
# Failed to write core dump. Minidumps are not enabled by default on client versions of Windows
#
# If you would like to submit a bug report, please visit:
#   http://bugreport.java.com/bugreport/crash.jsp
#

---------------  T H R E A D  ---------------

Current thread (0x00000000021de000):  JavaThread "Forwarding newSession on session null to remote" [_thread_in_vm, id=6092, stack(0x0000000002450000,0x0000000002550000)]

siginfo: ExceptionCode=0xc0000005, writing address 0x000000000000003b

Registers:
RAX=0x000000000000003b, RBX=0x000000005794dc18, RCX=0x000000005b586d09, RDX=0x0000000000000021
RSP=0x000000000254bca0, RBP=0x000000000254bdd0, RSI=0x000000005b350000, RDI=0x0000000000000000
R8 =0x0000000000000045, R9 =0x000000005794dc19, R10=0x0000000000000001, R11=0x0000000000000046
R12=0x000000000254cfa8, R13=0x000000000254d590, R14=0x00000000021de000, R15=0x00000000000000b8
RIP=0x000000005b586d40, EFLAGS=0x0000000000010246

Top of Stack: (sp=0x000000000254bca0)
0x000000000254bca0:   0000000057313b30 0000000000000000
0x000000000254bcb0:   000000000254d590 000000000254cfa8
0x000000000254bcc0:   0000000000000400 000000005b3d61eb
0x000000000254bcd0:   0000000000000002 0000000000000059
0x000000000254bce0:   0000000000000400 000000000254c7b0
0x000000000254bcf0:   0000000000000400 00000000021de000
0x000000000254bd00:   00000000c1612900 000000000254d450
0x000000000254bd10:   000000000254bdf0 000000000254c8c8
0x000000000254bd20:   00000000021d0047 00000000ed59f810
0x000000000254bd30:   0000000000005900 0000000000590005
0x000000000254bd40:   00000000579ef090 000000720000004b
0x000000000254bd50:   000000010000000c 0000000057313b30
0x000000000254bd60:   0000000057d774e0 0000000000000059
0x000000000254bd70:   00000000ec1ac2c0 00000000ed4928e0
0x000000000254bd80:   0000000000000000 cafebabecafebabe
0x000000000254bd90:   0000000000000000 cafebabecafebabe 

Instructions: (pc=0x000000005b586d40)
0x000000005b586d20:   74 ad 3c 5b 74 a9 48 ff c2 49 3b d0 7c e3 32 c0
0x000000005b586d30:   48 8b 5c 24 30 48 8b 74 24 38 48 83 c4 20 5f c3
0x000000005b586d40:   48 ff c2 48 83 fa ff 74 86 4c 03 d2 4d 3b d3 0f
0x000000005b586d50:   8c 4b ff ff ff 32 c0 48 8b 5c 24 30 48 8b 74 24 


Register to memory mapping:

RAX=0x000000000000003b is an unknown value
RBX=0x000000005794dc18 is an unknown value
RCX=0x000000005b586d09 is an unknown value
RDX=0x0000000000000021 is an unknown value
RSP=0x000000000254bca0 is pointing into the stack for thread: 0x00000000021de000
RBP=0x000000000254bdd0 is pointing into the stack for thread: 0x00000000021de000
RSI=0x000000005b350000 is an unknown value
RDI=0x0000000000000000 is an unknown value
R8 =0x0000000000000045 is an unknown value
R9 =0x000000005794dc19 is an unknown value
R10=0x0000000000000001 is an unknown value
R11=0x0000000000000046 is an unknown value
R12=0x000000000254cfa8 is pointing into the stack for thread: 0x00000000021de000
R13=0x000000000254d590 is pointing into the stack for thread: 0x00000000021de000
R14=0x00000000021de000 is a thread
R15=0x00000000000000b8 is an unknown value


Stack: [0x0000000002450000,0x0000000002550000],  sp=0x000000000254bca0,  free space=1007k
Native frames: (J=compiled Java code, j=interpreted, Vv=VM code, C=native code)
V  [jvm.dll+0x236d40]
V  [jvm.dll+0x861eb]
V  [jvm.dll+0x89982]
V  [jvm.dll+0x8ae93]
V  [jvm.dll+0x8b020]
V  [jvm.dll+0x1101c7]
V  [jvm.dll+0x114c37]
V  [jvm.dll+0x115115]
V  [jvm.dll+0xc0b0e]
V  [jvm.dll+0xc2400]
V  [jvm.dll+0xc3c7d]
V  [jvm.dll+0xbc1a6]
C  0x00000000028442be

Java frames: (J=compiled Java code, j=interpreted, Vv=VM code)
j  org.openqa.selenium.remote.http.HttpMessage.<init>()V+16
j  org.openqa.selenium.remote.http.HttpRequest.<init>(Lorg/openqa/selenium/remote/http/HttpMethod;Ljava/lang/String;)V+1
j  org.openqa.selenium.remote.http.JsonHttpCommandCodec.encode(Lorg/openqa/selenium/remote/Command;)Lorg/openqa/selenium/remote/http/HttpRequest;+49
j  org.openqa.selenium.remote.HttpCommandExecutor.execute(Lorg/openqa/selenium/remote/Command;)Lorg/openqa/selenium/remote/Response;+66
j  org.openqa.selenium.remote.service.DriverCommandExecutor.execute(Lorg/openqa/selenium/remote/Command;)Lorg/openqa/selenium/remote/Response;+21
j  org.openqa.selenium.remote.RemoteWebDriver.execute(Ljava/lang/String;Ljava/util/Map;)Lorg/openqa/selenium/remote/Response;+74
j  org.openqa.selenium.remote.RemoteWebDriver.startSession(Lorg/openqa/selenium/Capabilities;Lorg/openqa/selenium/Capabilities;)V+39
j  org.openqa.selenium.remote.RemoteWebDriver.<init>(Lorg/openqa/selenium/remote/CommandExecutor;Lorg/openqa/selenium/Capabilities;Lorg/openqa/selenium/Capabilities;)V+93
j  org.openqa.selenium.remote.RemoteWebDriver.<init>(Lorg/openqa/selenium/remote/CommandExecutor;Lorg/openqa/selenium/Capabilities;)V+4
j  org.openqa.selenium.chrome.ChromeDriver.<init>(Lorg/openqa/selenium/chrome/ChromeDriverService;Lorg/openqa/selenium/Capabilities;)V+10
j  org.openqa.selenium.chrome.ChromeDriver.<init>(Lorg/openqa/selenium/chrome/ChromeDriverService;Lorg/openqa/selenium/chrome/ChromeOptions;)V+6
j  org.openqa.selenium.chrome.ChromeDriver.<init>()V+11
j  com.spp.common.BaseTest.initApplication(Ljava/lang/String;)V+45
v  ~StubRoutines::call_stub
j  sun.reflect.NativeMethodAccessorImpl.invoke0(Ljava/lang/reflect/Method;Ljava/lang/Object;[Ljava/lang/Object;)Ljava/lang/Object;+0
j  sun.reflect.NativeMethodAccessorImpl.invoke(Ljava/lang/Object;[Ljava/lang/Object;)Ljava/lang/Object;+100
j  sun.reflect.DelegatingMethodAccessorImpl.invoke(Ljava/lang/Object;[Ljava/lang/Object;)Ljava/lang/Object;+6
j  java.lang.reflect.Method.invoke(Ljava/lang/Object;[Ljava/lang/Object;)Ljava/lang/Object;+56
j  org.testng.internal.MethodInvocationHelper.invokeMethod(Ljava/lang/reflect/Method;Ljava/lang/Object;[Ljava/lang/Object;)Ljava/lang/Object;+242
j  org.testng.internal.Invoker.invokeConfigurationMethod([Ljava/lang/Object;Lorg/testng/ITestNGMethod;[Ljava/lang/Object;ZZLorg/testng/ITestResult;)V+213
j  org.testng.internal.Invoker.invokeConfigurations(Lorg/testng/IClass;Lorg/testng/ITestNGMethod;[Lorg/testng/ITestNGMethod;Lorg/testng/xml/XmlSuite;Ljava/util/Map;[Ljava/lang/Object;Ljava/lang/Object;Lorg/testng/ITestResult;)V+340
j  org.testng.internal.Invoker.invokeConfigurations(Lorg/testng/IClass;[Lorg/testng/ITestNGMethod;Lorg/testng/xml/XmlSuite;Ljava/util/Map;[Ljava/lang/Object;Ljava/lang/Object;)V+12
j  org.testng.internal.TestMethodWorker.invokeBeforeClassMethods(Lorg/testng/ITestClass;Lorg/testng/IMethodInstance;)V+165
j  org.testng.internal.TestMethodWorker.run()V+43
j  org.testng.TestRunner.privateRun(Lorg/testng/xml/XmlTest;)V+355
j  org.testng.TestRunner.run()V+26
j  org.testng.SuiteRunner.runTest(Lorg/testng/TestRunner;)V+1
j  org.testng.SuiteRunner.runSequentially()V+31
j  org.testng.SuiteRunner.privateRun()V+281
j  org.testng.SuiteRunner.run()V+6
j  org.testng.SuiteRunnerWorker.runSuite(Lorg/testng/internal/SuiteRunnerMap;Lorg/testng/xml/XmlSuite;)V+89
j  org.testng.SuiteRunnerWorker.run()V+12
j  org.testng.TestNG.runSuitesSequentially(Lorg/testng/xml/XmlSuite;Lorg/testng/internal/SuiteRunnerMap;ILjava/lang/String;)V+66
j  org.testng.TestNG.runSuitesLocally()Ljava/util/List;+143
j  org.testng.TestNG.run()V+77
j  org.apache.maven.surefire.testng.TestNGExecutor.run(Ljava/util/List;Ljava/lang/String;Ljava/util/Map;Lorg/apache/maven/surefire/report/RunListener;Lorg/apache/maven/surefire/testng/TestNgTestSuite;Ljava/io/File;)V+55
j  org.apache.maven.surefire.testng.TestNGXmlTestSuite.execute(Lorg/apache/maven/surefire/report/ReporterFactory;)V+54
j  org.apache.maven.surefire.testng.TestNGProvider.invoke(Ljava/lang/Object;)Lorg/apache/maven/surefire/suite/RunResult;+60
j  org.apache.maven.surefire.booter.ForkedBooter.invokeProviderInSameClassLoader(Ljava/lang/Object;Ljava/lang/Object;Lorg/apache/maven/surefire/booter/ProviderConfiguration;ZLorg/apache/maven/surefire/booter/StartupConfiguration;Z)Lorg/apache/maven/surefire/suite/RunResult;+23
j  org.apache.maven.surefire.booter.ForkedBooter.runSuitesInProcess(Ljava/lang/Object;Lorg/apache/maven/surefire/booter/StartupConfiguration;Lorg/apache/maven/surefire/booter/ProviderConfiguration;Ljava/io/PrintStream;)Lorg/apache/maven/surefire/suite/RunResult;+14
j  org.apache.maven.surefire.booter.ForkedBooter.main([Ljava/lang/String;)V+183
v  ~StubRoutines::call_stub

---------------  P R O C E S S  ---------------

Java Threads: ( => current thread )
  0x000000005785a800 JavaThread "Exec Stream Pumper" daemon [_thread_in_native, id=5500, stack(0x0000000059a20000,0x0000000059b20000)]
  0x0000000057858800 JavaThread "Exec Stream Pumper" daemon [_thread_in_native, id=3672, stack(0x0000000059830000,0x0000000059930000)]
  0x0000000057d6e800 JavaThread "UrlChecker-2" daemon [_thread_blocked, id=5920, stack(0x0000000059630000,0x0000000059730000)]
  0x0000000057d75800 JavaThread "Exec Default Executor" daemon [_thread_in_native, id=6600, stack(0x0000000059320000,0x0000000059420000)]
  0x00000000550b8800 JavaThread "Service Thread" daemon [_thread_blocked, id=3628, stack(0x0000000056eb0000,0x0000000056fb0000)]
  0x00000000550b6000 JavaThread "C1 CompilerThread2" daemon [_thread_blocked, id=6920, stack(0x0000000056d90000,0x0000000056e90000)]
  0x00000000562db000 JavaThread "C2 CompilerThread1" daemon [_thread_blocked, id=3788, stack(0x0000000056c00000,0x0000000056d00000)]
  0x00000000562d9000 JavaThread "C2 CompilerThread0" daemon [_thread_blocked, id=6520, stack(0x00000000568b0000,0x00000000569b0000)]
  0x00000000562d7000 JavaThread "Attach Listener" daemon [_thread_blocked, id=7944, stack(0x00000000569f0000,0x0000000056af0000)]
  0x00000000562d4800 JavaThread "Signal Dispatcher" daemon [_thread_blocked, id=7940, stack(0x0000000056760000,0x0000000056860000)]
  0x000000005509c800 JavaThread "Finalizer" daemon [_thread_blocked, id=4072, stack(0x00000000561d0000,0x00000000562d0000)]
  0x0000000055055800 JavaThread "Reference Handler" daemon [_thread_blocked, id=6596, stack(0x0000000055e90000,0x0000000055f90000)]
=>0x00000000021de000 JavaThread "Forwarding newSession on session null to remote" [_thread_in_vm, id=6092, stack(0x0000000002450000,0x0000000002550000)]

Other Threads:
  0x000000005504e000 VMThread [stack: 0x0000000055f90000,0x0000000056090000] [id=6900]
  0x0000000056350800 WatcherThread [stack: 0x0000000057120000,0x0000000057220000] [id=6440]

VM state:not at safepoint (normal execution)

VM Mutex/Monitor currently owned by a thread: None

Heap:
 PSYoungGen      total 35328K, used 19094K [0x00000000eb200000, 0x00000000ed700000, 0x0000000100000000)
  eden space 32768K, 50% used [0x00000000eb200000,0x00000000ec22db80,0x00000000ed200000)
  from space 2560K, 98% used [0x00000000ed480000,0x00000000ed6f8050,0x00000000ed700000)
  to   space 2560K, 0% used [0x00000000ed200000,0x00000000ed200000,0x00000000ed480000)
 ParOldGen       total 44032K, used 2875K [0x00000000c1600000, 0x00000000c4100000, 0x00000000eb200000)
  object space 44032K, 6% used [0x00000000c1600000,0x00000000c18cefc8,0x00000000c4100000)
 Metaspace       used 14108K, capacity 14332K, committed 14464K, reserved 1062912K
  class space    used 1740K, capacity 1827K, committed 1920K, reserved 1048576K

Card table byte_map: [0x0000000011be0000,0x0000000011de0000] byte_map_base: 0x00000000115d5000

Marking Bits: (ParMarkBitMap*) 0x000000005bb6a6d0
 Begin Bits: [0x0000000012570000, 0x0000000013518000)
 End Bits:   [0x0000000013518000, 0x00000000144c0000)

Polling page: 0x0000000002130000

CodeCache: size=245760Kb used=4040Kb max_used=4054Kb free=241719Kb
 bounds [0x0000000002820000, 0x0000000002c20000, 0x0000000011820000]
 total_blobs=1525 nmethods=1147 adapters=291
 compilation: enabled

Compilation events (10 events):
Event: 1.656 Thread 0x00000000550b6000 1143  s    3       java.io.BufferedOutputStream::flush (12 bytes)
Event: 1.656 Thread 0x00000000550b6000 nmethod 1143 0x0000000002c0aa10 code [0x0000000002c0aba0, 0x0000000002c0b078]
Event: 1.656 Thread 0x00000000550b6000 1144       3       java.io.OutputStream::flush (1 bytes)
Event: 1.656 Thread 0x00000000550b6000 nmethod 1144 0x0000000002c0a710 code [0x0000000002c0a860, 0x0000000002c0a9b0]
Event: 2.152 Thread 0x00000000550b6000 1145       3       java.util.Locale::getDefault (4 bytes)
Event: 2.152 Thread 0x00000000550b6000 nmethod 1145 0x0000000002c0a410 code [0x0000000002c0a560, 0x0000000002c0a6b0]
Event: 2.152 Thread 0x00000000550b6000 1146       3       java.io.PrintStream::ensureOpen (18 bytes)
Event: 2.153 Thread 0x00000000550b6000 nmethod 1146 0x0000000002c09f90 code [0x0000000002c0a100, 0x0000000002c0a348]
Event: 2.156 Thread 0x00000000562db000 1147       4       sun.net.www.ParseUtil::encodePath (336 bytes)
Event: 2.189 Thread 0x00000000562db000 nmethod 1147 0x0000000002c15c90 code [0x0000000002c15e40, 0x0000000002c16978]

GC Heap History (4 events):
Event: 0.977 GC heap before
{Heap before GC invocations=1 (full 0):
 PSYoungGen      total 18944K, used 16384K [0x00000000eb200000, 0x00000000ec700000, 0x0000000100000000)
  eden space 16384K, 100% used [0x00000000eb200000,0x00000000ec200000,0x00000000ec200000)
  from space 2560K, 0% used [0x00000000ec480000,0x00000000ec480000,0x00000000ec700000)
  to   space 2560K, 0% used [0x00000000ec200000,0x00000000ec200000,0x00000000ec480000)
 ParOldGen       total 44032K, used 0K [0x00000000c1600000, 0x00000000c4100000, 0x00000000eb200000)
  object space 44032K, 0% used [0x00000000c1600000,0x00000000c1600000,0x00000000c4100000)
 Metaspace       used 8346K, capacity 8400K, committed 8448K, reserved 1056768K
  class space    used 970K, capacity 1008K, committed 1024K, reserved 1048576K
Event: 0.999 GC heap after
Heap after GC invocations=1 (full 0):
 PSYoungGen      total 18944K, used 2558K [0x00000000eb200000, 0x00000000ed700000, 0x0000000100000000)
  eden space 16384K, 0% used [0x00000000eb200000,0x00000000eb200000,0x00000000ec200000)
  from space 2560K, 99% used [0x00000000ec200000,0x00000000ec47fb78,0x00000000ec480000)
  to   space 2560K, 0% used [0x00000000ed480000,0x00000000ed480000,0x00000000ed700000)
 ParOldGen       total 44032K, used 1020K [0x00000000c1600000, 0x00000000c4100000, 0x00000000eb200000)
  object space 44032K, 2% used [0x00000000c1600000,0x00000000c16ff250,0x00000000c4100000)
 Metaspace       used 8346K, capacity 8400K, committed 8448K, reserved 1056768K
  class space    used 970K, capacity 1008K, committed 1024K, reserved 1048576K
}
Event: 1.383 GC heap before
{Heap before GC invocations=2 (full 0):
 PSYoungGen      total 18944K, used 18942K [0x00000000eb200000, 0x00000000ed700000, 0x0000000100000000)
  eden space 16384K, 100% used [0x00000000eb200000,0x00000000ec200000,0x00000000ec200000)
  from space 2560K, 99% used [0x00000000ec200000,0x00000000ec47fb78,0x00000000ec480000)
  to   space 2560K, 0% used [0x00000000ed480000,0x00000000ed480000,0x00000000ed700000)
 ParOldGen       total 44032K, used 1020K [0x00000000c1600000, 0x00000000c4100000, 0x00000000eb200000)
  object space 44032K, 2% used [0x00000000c1600000,0x00000000c16ff250,0x00000000c4100000)
 Metaspace       used 12480K, capacity 12720K, committed 12928K, reserved 1060864K
  class space    used 1502K, capacity 1569K, committed 1664K, reserved 1048576K
Event: 1.391 GC heap after
Heap after GC invocations=2 (full 0):
 PSYoungGen      total 35328K, used 2528K [0x00000000eb200000, 0x00000000ed700000, 0x0000000100000000)
  eden space 32768K, 0% used [0x00000000eb200000,0x00000000eb200000,0x00000000ed200000)
  from space 2560K, 98% used [0x00000000ed480000,0x00000000ed6f8050,0x00000000ed700000)
  to   space 2560K, 0% used [0x00000000ed200000,0x00000000ed200000,0x00000000ed480000)
 ParOldGen       total 44032K, used 2875K [0x00000000c1600000, 0x00000000c4100000, 0x00000000eb200000)
  object space 44032K, 6% used [0x00000000c1600000,0x00000000c18cefc8,0x00000000c4100000)
 Metaspace       used 12480K, capacity 12720K, committed 12928K, reserved 1060864K
  class space    used 1502K, capacity 1569K, committed 1664K, reserved 1048576K
}

Deoptimization events (10 events):
Event: 1.074 Thread 0x00000000021de000 Uncommon trap: reason=bimorphic action=maybe_recompile pc=0x0000000002ab1154 method=java.util.HashMap.putVal(ILjava/lang/Object;Ljava/lang/Object;ZZ)Ljava/lang/Object; @ 203
Event: 1.074 Thread 0x00000000021de000 Uncommon trap: reason=bimorphic action=maybe_recompile pc=0x0000000002aaba0c method=java.util.HashMap.putVal(ILjava/lang/Object;Ljava/lang/Object;ZZ)Ljava/lang/Object; @ 203
Event: 1.098 Thread 0x00000000021de000 Uncommon trap: reason=class_check action=maybe_recompile pc=0x000000000295d860 method=java.lang.String.equals(Ljava/lang/Object;)Z @ 8
Event: 1.219 Thread 0x00000000021de000 Uncommon trap: reason=unstable_if action=reinterpret pc=0x0000000002a84bb0 method=sun.misc.MetaIndex.mayContain(Ljava/lang/String;)Z @ 38
Event: 1.228 Thread 0x00000000021de000 Uncommon trap: reason=unstable_if action=reinterpret pc=0x0000000002afaee0 method=java.util.HashMap.putVal(ILjava/lang/Object;Ljava/lang/Object;ZZ)Ljava/lang/Object; @ 236
Event: 1.326 Thread 0x00000000021de000 Uncommon trap: reason=unstable_if action=reinterpret pc=0x0000000002b3415c method=java.lang.CharacterDataLatin1.digit(II)I @ 82
Event: 1.618 Thread 0x00000000021de000 Uncommon trap: reason=unstable_if action=reinterpret pc=0x00000000029ada30 method=java.lang.String.replace(CC)Ljava/lang/String; @ 2
Event: 1.637 Thread 0x0000000057d6e800 Uncommon trap: reason=unstable_if action=reinterpret pc=0x0000000002b27b04 method=java.lang.CharacterDataLatin1.digit(II)I @ 82
Event: 1.638 Thread 0x0000000057d6e800 Uncommon trap: reason=predicate action=maybe_recompile pc=0x0000000002a888f0 method=sun.net.www.ParseUtil.encodePath(Ljava/lang/String;Z)Ljava/lang/String; @ 36
Event: 2.153 Thread 0x0000000057d6e800 Uncommon trap: reason=unstable_if action=reinterpret pc=0x0000000002bfd274 method=java.lang.String.regionMatches(ZILjava/lang/String;II)Z @ 123

Internal exceptions (10 events):
Event: 1.068 Thread 0x00000000021de000 Exception <a 'java/lang/ArrayIndexOutOfBoundsException'> (0x00000000eb520970) thrown at [C:\re\workspace\8-2-build-windows-amd64-cygwin\jdk8u101\7261\hotspot\src\share\vm\runtime\sharedRuntime.cpp, line 605]
Event: 1.068 Thread 0x00000000021de000 Exception <a 'java/lang/ArrayIndexOutOfBoundsException'> (0x00000000eb5225b0) thrown at [C:\re\workspace\8-2-build-windows-amd64-cygwin\jdk8u101\7261\hotspot\src\share\vm\runtime\sharedRuntime.cpp, line 605]
Event: 1.068 Thread 0x00000000021de000 Exception <a 'java/lang/ArrayIndexOutOfBoundsException'> (0x00000000eb5239e0) thrown at [C:\re\workspace\8-2-build-windows-amd64-cygwin\jdk8u101\7261\hotspot\src\share\vm\runtime\sharedRuntime.cpp, line 605]
Event: 1.069 Thread 0x00000000021de000 Exception <a 'java/lang/ClassNotFoundException': com/relevantcodes/extentreports/LogStatusCustomizer> (0x00000000eb536328) thrown at [C:\re\workspace\8-2-build-windows-amd64-cygwin\jdk8u101\7261\hotspot\src\share\vm\classfile\systemDictionary.cpp, line 210¿€EÒ?
Event: 1.069 Thread 0x00000000021de000 Exception <a 'java/lang/ArrayIndexOutOfBoundsException': 83> (0x00000000eb538368) thrown at [C:\re\workspace\8-2-build-windows-amd64-cygwin\jdk8u101\7261\hotspot\src\share\vm\interpreter\interpreterRuntime.cpp, line 366]
Event: 1.074 Thread 0x00000000021de000 Exception <a 'java/lang/ArrayIndexOutOfBoundsException': 24> (0x00000000eb565628) thrown at [C:\re\workspace\8-2-build-windows-amd64-cygwin\jdk8u101\7261\hotspot\src\share\vm\interpreter\interpreterRuntime.cpp, line 366]
Event: 1.075 Thread 0x00000000021de000 Exception <a 'java/lang/ArrayIndexOutOfBoundsException': 22> (0x00000000eb566ee0) thrown at [C:\re\workspace\8-2-build-windows-amd64-cygwin\jdk8u101\7261\hotspot\src\share\vm\interpreter\interpreterRuntime.cpp, line 366]
Event: 1.307 Thread 0x00000000021de000 Exception <a 'java/lang/NoSuchFieldError': method resolution failed> (0x00000000ebf0f270) thrown at [C:\re\workspace\8-2-build-windows-amd64-cygwin\jdk8u101\7261\hotspot\src\share\vm\prims\methodHandles.cpp, line 1146]
Event: 1.309 Thread 0x00000000021de000 Exception <a 'java/lang/NoSuchFieldError': method resolution failed> (0x00000000ebf1cd30) thrown at [C:\re\workspace\8-2-build-windows-amd64-cygwin\jdk8u101\7261\hotspot\src\share\vm\prims\methodHandles.cpp, line 1146]
Event: 2.137 Thread 0x0000000057d6e800 Exception <a 'java/net/SocketTimeoutException': connect timed out> (0x00000000ec0b9830) thrown at [C:\re\workspace\8-2-build-windows-amd64-cygwin\jdk8u101\7261\hotspot\src\share\vm\prims\jni.cpp, line 735]

Events (10 events):
Event: 2.159 loading class org/openqa/selenium/remote/http/HttpMessage$1
Event: 2.159 loading class org/openqa/selenium/remote/http/HttpMessage$1 done
Event: 2.160 loading class com/google/common/collect/Multimaps
Event: 2.160 loading class com/google/common/collect/Multimaps done
Event: 2.162 loading class com/google/common/collect/ListMultimap
Event: 2.162 loading class com/google/common/collect/ListMultimap done
Event: 2.163 loading class com/google/common/collect/SetMultimap
Event: 2.163 loading class com/google/common/collect/SetMultimap done
Event: 2.164 loading class com/google/common/collect/SortedSetMultimap
Event: 2.164 loading class com/google/common/collect/SortedSetMultimap done


Dynamic libraries:
0x000000013f120000 - 0x000000013f157000 	C:\Program Files\Java\jre1.8.0_101\bin\java.exe
0x0000000077720000 - 0x00000000778c9000 	C:\Windows\SYSTEM32\ntdll.dll
0x0000000077040000 - 0x000000007715f000 	C:\Windows\system32\kernel32.dll
0x000007fefdea0000 - 0x000007fefdf0b000 	C:\Windows\system32\KERNELBASE.dll
0x000007feff920000 - 0x000007feff9fb000 	C:\Windows\system32\ADVAPI32.dll
0x000007feff0f0000 - 0x000007feff18f000 	C:\Windows\system32\msvcrt.dll
0x000007feff900000 - 0x000007feff91f000 	C:\Windows\SYSTEM32\sechost.dll
0x000007fefefc0000 - 0x000007feff0ed000 	C:\Windows\system32\RPCRT4.dll
0x0000000077410000 - 0x000000007750a000 	C:\Windows\system32\USER32.dll
0x000007fefeea0000 - 0x000007fefef07000 	C:\Windows\system32\GDI32.dll
0x000007fefe060000 - 0x000007fefe06e000 	C:\Windows\system32\LPK.dll
0x000007feff420000 - 0x000007feff4e9000 	C:\Windows\system32\USP10.dll
0x000007fefc390000 - 0x000007fefc584000 	C:\Windows\WinSxS\amd64_microsoft.windows.common-controls_6595b64144ccf1df_6.0.7601.17514_none_fa396087175ac9ac\COMCTL32.dll
0x000007feff3a0000 - 0x000007feff411000 	C:\Windows\system32\SHLWAPI.dll
0x000007feffa00000 - 0x000007feffa2e000 	C:\Windows\system32\IMM32.DLL
0x000007fefdf50000 - 0x000007fefe059000 	C:\Windows\system32\MSCTF.dll
0x000000005fb10000 - 0x000000005fbe2000 	C:\Program Files\Java\jre1.8.0_101\bin\msvcr100.dll
0x000000005b350000 - 0x000000005bbea000 	C:\Program Files\Java\jre1.8.0_101\bin\server\jvm.dll
0x000007fefb6c0000 - 0x000007fefb6c9000 	C:\Windows\system32\WSOCK32.dll
0x000007feff630000 - 0x000007feff67d000 	C:\Windows\system32\WS2_32.dll
0x000007fefef10000 - 0x000007fefef18000 	C:\Windows\system32\NSI.dll
0x000007fefaf90000 - 0x000007fefafcb000 	C:\Windows\system32\WINMM.dll
0x000007fefcce0000 - 0x000007fefccec000 	C:\Windows\system32\VERSION.dll
0x00000000778f0000 - 0x00000000778f7000 	C:\Windows\system32\PSAPI.DLL
0x000000005b340000 - 0x000000005b34f000 	C:\Program Files\Java\jre1.8.0_101\bin\verify.dll
0x000000005b140000 - 0x000000005b169000 	C:\Program Files\Java\jre1.8.0_101\bin\java.dll
0x000000005ad90000 - 0x000000005ada6000 	C:\Program Files\Java\jre1.8.0_101\bin\zip.dll
0x000007fefe110000 - 0x000007fefee98000 	C:\Windows\system32\SHELL32.dll
0x000007feff190000 - 0x000007feff393000 	C:\Windows\system32\ole32.dll
0x000007fefdb80000 - 0x000007fefdb8f000 	C:\Windows\system32\profapi.dll
0x000007fefd410000 - 0x000007fefd427000 	C:\Windows\system32\CRYPTSP.dll
0x000007fefd110000 - 0x000007fefd157000 	C:\Windows\system32\rsaenh.dll
0x000007fefced0000 - 0x000007fefceee000 	C:\Windows\system32\USERENV.dll
0x000007fefdab0000 - 0x000007fefdabf000 	C:\Windows\system32\CRYPTBASE.dll
0x000000005a890000 - 0x000000005a8aa000 	C:\Program Files\Java\jre1.8.0_101\bin\net.dll
0x000007fefd3b0000 - 0x000007fefd405000 	C:\Windows\system32\mswsock.dll
0x000007fefd3a0000 - 0x000007fefd3a7000 	C:\Windows\System32\wship6.dll
0x000007fefb420000 - 0x000007fefb447000 	C:\Windows\system32\IPHLPAPI.DLL
0x000007fefb370000 - 0x000007fefb37b000 	C:\Windows\system32\WINNSI.DLL
0x000007fefb120000 - 0x000007fefb138000 	C:\Windows\system32\dhcpcsvc.DLL
0x000007fefb100000 - 0x000007fefb111000 	C:\Windows\system32\dhcpcsvc6.DLL
0x000000005a870000 - 0x000000005a881000 	C:\Program Files\Java\jre1.8.0_101\bin\nio.dll
0x000007fefbae0000 - 0x000007fefbaf5000 	C:\Windows\system32\NLAapi.dll
0x000007fef51e0000 - 0x000007fef51f5000 	C:\Windows\system32\napinsp.dll
0x000007fef51c0000 - 0x000007fef51d9000 	C:\Windows\system32\pnrpnsp.dll
0x000007fefd230000 - 0x000007fefd28b000 	C:\Windows\system32\DNSAPI.dll
0x000007fef3980000 - 0x000007fef398b000 	C:\Windows\System32\winrnr.dll
0x000007fef3970000 - 0x000007fef3980000 	C:\Windows\system32\wshbth.dll
0x000000006b580000 - 0x000000006b5a6000 	C:\Program Files\Bonjour\mdnsNSP.dll
0x000007fefcdb0000 - 0x000007fefcdb7000 	C:\Windows\System32\wshtcpip.dll
0x000007fef3960000 - 0x000007fef3968000 	C:\Windows\system32\rasadhlp.dll
0x000007fefb150000 - 0x000007fefb1a3000 	C:\Windows\System32\fwpuclnt.dll
0x000000005f8d0000 - 0x000000005f8f4000 	C:\Program Files\Java\jre1.8.0_101\bin\sunec.dll
0x000007fefda10000 - 0x000007fefda67000 	C:\Windows\system32\apphelp.dll
0x000007fee9320000 - 0x000007fee9445000 	C:\Windows\system32\dbghelp.dll

VM Arguments:
java_command: C:\Users\admin\Desktop\RELYON\Merging\target\surefire\surefirebooter1426228042781708245.jar C:\Users\admin\Desktop\RELYON\Merging\target\surefire\surefire4642876769972003210tmp C:\Users\admin\Desktop\RELYON\Merging\target\surefire\surefire_08220048083821052980tmp
java_class_path (initial): C:\Users\admin\Desktop\RELYON\Merging\target\surefire\surefirebooter1426228042781708245.jar
Launcher Type: SUN_STANDARD

Environment Variables:
JAVA_HOME=C:\Program Files\Java\jdk-9.0.4
PATH=C:/Program Files/Java/jre1.8.0_101/bin/server;C:/Program Files/Java/jre1.8.0_101/bin;C:/Program Files/Java/jre1.8.0_101/lib/amd64;C:\ProgramData\Oracle\Java\javapath;C:\Windows\system32;C:\Windows;C:\Windows\System32\Wbem;C:\Windows\System32\WindowsPowerShell\v1.0\;C:\Program Files (x86)\Microsoft SQL Server\100\Tools\Binn\;C:\Program Files (x86)\Microsoft SQL Server\100\DTS\Binn\;C:\Program Files (x86)\Microsoft SQL Server\100\Tools\Binn\VSShell\Common7\IDE\;C:\Users\admin\AppData\Local\Android\android-sdk\tools;C:\Users\admin\AppData\Local\Android\android-sdk\platform-tools;C:\gradle-3.5\bin;C:\android-studio\gradle\gradle-2.14.1\bin;C:\adb;C:\Program Files (x86)\Android\android-sdk\platform-tools;C:\Program Files (x86)\Android\android-sdk\tools;C:\Program Files (x86)\Skype\Phone\;C:\Program Files\Git\cmd;C:\Program Files\TortoiseSVN\bin;%M2%;C:\Program Files\Java\jdk-9.0.4\bin;C:\Users\admin\Desktop\RELYON\apache-maven-3.5.3\bin;C:\Users\admin\Desktop\RELYON\eclipse;
USERNAME=admin
OS=Windows_NT
PROCESSOR_IDENTIFIER=Intel64 Family 6 Model 61 Stepping 4, GenuineIntel



---------------  S Y S T E M  ---------------

OS: Windows 7 , 64 bit Build 7601 (6.1.7601.18015)

CPU:total 4 (2 cores per cpu, 2 threads per core) family 6 model 61 stepping 4, cmov, cx8, fxsr, mmx, sse, sse2, sse3, ssse3, sse4.1, sse4.2, popcnt, avx, avx2, aes, clmul, erms, 3dnowpref, lzcnt, ht, tsc, tscinvbit, bmi1, bmi2, adx

Memory: 4k page, physical 4103848k(1082584k free), swap 8205832k(3900524k free)

vm_info: Java HotSpot(TM) 64-Bit Server VM (25.101-b13) for windows-amd64 JRE (1.8.0_101-b13), built on Jun 22 2016 01:21:29 by "java_re" with MS VC++ 10.0 (VS2010)

time: Wed Apr 18 14:55:39 2018
elapsed time: 2 seconds (0d 0h 0m 2s)

